<?xml version="1.0" encoding="UTF-8"?>
<!-- Generated by org.testng.reporters.JUnitXMLReporter -->
<testsuite hostname="Rakesh-Singh" ignored="0" name="Open cart Search Result PageTest" tests="14" failures="0" timestamp="25 Jun 2024 02:02:41 GMT" time="19.677" errors="0">
  <testcase name="ProductDesc" time="1.28" classname="com.qa.opencart.tests.SearchResultPageTest"/>
  <testcase name="doSearch" time="0.515" classname="com.qa.opencart.tests.SearchResultPageTest"/>
  <testcase name="doSearch" time="0.519" classname="com.qa.opencart.tests.SearchResultPageTest"/>
  <testcase name="doSearch" time="0.561" classname="com.qa.opencart.tests.SearchResultPageTest"/>
  <testcase name="doSearch" time="0.518" classname="com.qa.opencart.tests.SearchResultPageTest"/>
  <testcase name="imagesCountTest" time="0.874" classname="com.qa.opencart.tests.SearchResultPageTest"/>
  <testcase name="imagesCountTest" time="0.92" classname="com.qa.opencart.tests.SearchResultPageTest"/>
  <testcase name="imagesCountTest" time="1.131" classname="com.qa.opencart.tests.SearchResultPageTest"/>
  <testcase name="imagesCountTest" time="0.844" classname="com.qa.opencart.tests.SearchResultPageTest"/>
  <testcase name="productDtaTest" time="0.821" classname="com.qa.opencart.tests.SearchResultPageTest"/>
  <testcase name="productInfoTest" time="0.744" classname="com.qa.opencart.tests.SearchResultPageTest"/>
  <testcase name="productInfoTest" time="0.795" classname="com.qa.opencart.tests.SearchResultPageTest"/>
  <testcase name="productInfoTest" time="0.853" classname="com.qa.opencart.tests.SearchResultPageTest"/>
  <testcase name="productInfoTest" time="0.777" classname="com.qa.opencart.tests.SearchResultPageTest"/>
</testsuite> <!-- Open cart Search Result PageTest -->
