<?xml version="1.0" encoding="UTF-8"?>
<!-- Generated by org.testng.reporters.JUnitXMLReporter -->
<testsuite hostname="Rakesh-Singh" ignored="0" name="Open cart Register Test" tests="4" failures="0" timestamp="25 Jun 2024 02:02:22 GMT" time="37.14" errors="0">
  <testcase name="userRegisterTest" time="2.283" classname="com.qa.opencart.tests.RegisterTest"/>
  <testcase name="userRegisterTest" time="1.946" classname="com.qa.opencart.tests.RegisterTest"/>
  <testcase name="userRegisterTest" time="3.21" classname="com.qa.opencart.tests.RegisterTest"/>
  <testcase name="userRegisterTest" time="8.354" classname="com.qa.opencart.tests.RegisterTest"/>
</testsuite> <!-- Open cart Register Test -->
