<?xml version="1.0" encoding="UTF-8"?>
<!-- Generated by org.testng.reporters.JUnitXMLReporter -->
<testsuite hostname="Rakesh-Singh" ignored="0" name="Open cart Search Result PageTest" tests="14" failures="0" timestamp="25 Jun 2024 10:00:11 GMT" time="0.218" errors="0">
  <testcase name="@BeforeTest setup" time="0.001" classname="com.qa.opencart.base.BaseTest">
    <failure type="java.lang.NullPointerException">
      <![CDATA[java.lang.NullPointerException
at java.util.Properties$LineReader.readLine(Properties.java:434)
at java.util.Properties.load0(Properties.java:353)
at java.util.Properties.load(Properties.java:341)
at com.qa.opencart.factory.DriverFactory.init_prop(DriverFactory.java:135)
at com.qa.opencart.base.BaseTest.setup(BaseTest.java:37)
at java.util.concurrent.FutureTask.run(FutureTask.java:266)
at java.util.concurrent.ThreadPoolExecutor.runWorker(ThreadPoolExecutor.java:1142)
at java.util.concurrent.ThreadPoolExecutor$Worker.run(ThreadPoolExecutor.java:617)
at java.lang.Thread.run(Thread.java:745)
... Removed 15 stack frames]]>
    </failure>
  </testcase> <!-- @BeforeTest setup -->
  <testcase name="ProductDesc" time="0.0" classname="com.qa.opencart.tests.SearchResultPageTest">
    <skipped/>
  </testcase> <!-- ProductDesc -->
  <testcase name="doSearch" time="0.0" classname="com.qa.opencart.tests.SearchResultPageTest">
    <skipped/>
  </testcase> <!-- doSearch -->
  <testcase name="doSearch" time="0.0" classname="com.qa.opencart.tests.SearchResultPageTest">
    <skipped/>
  </testcase> <!-- doSearch -->
  <testcase name="doSearch" time="0.0" classname="com.qa.opencart.tests.SearchResultPageTest">
    <skipped/>
  </testcase> <!-- doSearch -->
  <testcase name="doSearch" time="0.0" classname="com.qa.opencart.tests.SearchResultPageTest">
    <skipped/>
  </testcase> <!-- doSearch -->
  <testcase name="imagesCountTest" time="0.0" classname="com.qa.opencart.tests.SearchResultPageTest">
    <skipped/>
  </testcase> <!-- imagesCountTest -->
  <testcase name="imagesCountTest" time="0.0" classname="com.qa.opencart.tests.SearchResultPageTest">
    <skipped/>
  </testcase> <!-- imagesCountTest -->
  <testcase name="imagesCountTest" time="0.0" classname="com.qa.opencart.tests.SearchResultPageTest">
    <skipped/>
  </testcase> <!-- imagesCountTest -->
  <testcase name="imagesCountTest" time="0.0" classname="com.qa.opencart.tests.SearchResultPageTest">
    <skipped/>
  </testcase> <!-- imagesCountTest -->
  <testcase name="productDtaTest" time="0.0" classname="com.qa.opencart.tests.SearchResultPageTest">
    <skipped/>
  </testcase> <!-- productDtaTest -->
  <testcase name="productInfoTest" time="0.0" classname="com.qa.opencart.tests.SearchResultPageTest">
    <skipped/>
  </testcase> <!-- productInfoTest -->
  <testcase name="productInfoTest" time="0.0" classname="com.qa.opencart.tests.SearchResultPageTest">
    <skipped/>
  </testcase> <!-- productInfoTest -->
  <testcase name="productInfoTest" time="0.0" classname="com.qa.opencart.tests.SearchResultPageTest">
    <skipped/>
  </testcase> <!-- productInfoTest -->
  <testcase name="productInfoTest" time="0.0" classname="com.qa.opencart.tests.SearchResultPageTest">
    <skipped/>
  </testcase> <!-- productInfoTest -->
</testsuite> <!-- Open cart Search Result PageTest -->
