<?xml version="1.0" encoding="UTF-8"?>
<!-- Generated by org.testng.reporters.JUnitXMLReporter -->
<testsuite hostname="Rakesh-Singh" ignored="0" name="Open cart Login Page Test" tests="10" failures="0" timestamp="25 Jun 2024 10:00:11 GMT" time="0.632" errors="0">
  <testcase name="@BeforeTest setup" time="0.038" classname="com.qa.opencart.base.BaseTest">
    <failure type="java.lang.NullPointerException">
      <![CDATA[java.lang.NullPointerException
at java.util.Properties$LineReader.readLine(Properties.java:434)
at java.util.Properties.load0(Properties.java:353)
at java.util.Properties.load(Properties.java:341)
at com.qa.opencart.factory.DriverFactory.init_prop(DriverFactory.java:135)
at com.qa.opencart.base.BaseTest.setup(BaseTest.java:37)
at java.util.concurrent.FutureTask.run(FutureTask.java:266)
at java.util.concurrent.ThreadPoolExecutor.runWorker(ThreadPoolExecutor.java:1142)
at java.util.concurrent.ThreadPoolExecutor$Worker.run(ThreadPoolExecutor.java:617)
at java.lang.Thread.run(Thread.java:745)
... Removed 15 stack frames]]>
    </failure>
  </testcase> <!-- @BeforeTest setup -->
  <testcase name="@BeforeTest setup" time="0.037" classname="com.qa.opencart.base.BaseTest">
    <failure type="java.lang.NullPointerException">
      <![CDATA[java.lang.NullPointerException
at java.util.Properties$LineReader.readLine(Properties.java:434)
at java.util.Properties.load0(Properties.java:353)
at java.util.Properties.load(Properties.java:341)
at com.qa.opencart.factory.DriverFactory.init_prop(DriverFactory.java:135)
at com.qa.opencart.base.BaseTest.setup(BaseTest.java:37)
at java.util.concurrent.FutureTask.run(FutureTask.java:266)
at java.util.concurrent.ThreadPoolExecutor.runWorker(ThreadPoolExecutor.java:1142)
at java.util.concurrent.ThreadPoolExecutor$Worker.run(ThreadPoolExecutor.java:617)
at java.lang.Thread.run(Thread.java:745)
... Removed 15 stack frames]]>
    </failure>
  </testcase> <!-- @BeforeTest setup -->
  <testcase name="@BeforeClass accountSetup" time="0.0" classname="com.qa.opencart.tests.AccountPageTest">
    <skipped/>
  </testcase> <!-- @BeforeClass accountSetup -->
  <testcase name="verifyEmailAddressFieldIsPresent" time="0.0" classname="com.qa.opencart.tests.LoginPageTest">
    <skipped/>
  </testcase> <!-- verifyEmailAddressFieldIsPresent -->
  <testcase name="verifyFailTest" time="0.0" classname="com.qa.opencart.tests.LoginPageTest">
    <skipped/>
  </testcase> <!-- verifyFailTest -->
  <testcase name="verifyLoginLinkIsPresent" time="0.0" classname="com.qa.opencart.tests.LoginPageTest">
    <skipped/>
  </testcase> <!-- verifyLoginLinkIsPresent -->
  <testcase name="verifyLoginPageTitle" time="0.0" classname="com.qa.opencart.tests.LoginPageTest">
    <skipped/>
  </testcase> <!-- verifyLoginPageTitle -->
  <testcase name="verifyLoginPageUrl" time="0.0" classname="com.qa.opencart.tests.LoginPageTest">
    <skipped/>
  </testcase> <!-- verifyLoginPageUrl -->
  <testcase name="verifyPasswordFieldIsPresent" time="0.0" classname="com.qa.opencart.tests.LoginPageTest">
    <skipped/>
  </testcase> <!-- verifyPasswordFieldIsPresent -->
  <testcase name="verifyRegisterFieldIsPresent" time="0.0" classname="com.qa.opencart.tests.LoginPageTest">
    <skipped/>
  </testcase> <!-- verifyRegisterFieldIsPresent -->
  <testcase name="verifyReturningCustomerTextIsPresent" time="0.0" classname="com.qa.opencart.tests.LoginPageTest">
    <skipped/>
  </testcase> <!-- verifyReturningCustomerTextIsPresent -->
  <testcase name="verifySearchBoxIsPresent" time="0.0" classname="com.qa.opencart.tests.LoginPageTest">
    <skipped/>
  </testcase> <!-- verifySearchBoxIsPresent -->
  <testcase name="verifySuccessfulLogin" time="0.0" classname="com.qa.opencart.tests.LoginPageTest">
    <skipped/>
  </testcase> <!-- verifySuccessfulLogin -->
</testsuite> <!-- Open cart Login Page Test -->
