<?xml version="1.0" encoding="UTF-8"?>
<testsuite xmlns:xsi="http://www.w3.org/2001/XMLSchema-instance" xsi:noNamespaceSchemaLocation="https://maven.apache.org/surefire/maven-surefire-plugin/xsd/surefire-test-report-3.0.xsd" version="3.0" name="TestSuite" time="3.295" tests="44" errors="0" skipped="40" failures="4">
  <properties>
[...]
</properties>
  <testcase name="setup" classname="com.qa.opencart.tests.AccountPageTest" time="1.556">
    <failure type="java.lang.NullPointerException"><![CDATA[java.lang.NullPointerException
	at java.util.Properties$LineReader.readLine(Properties.java:434)
	at java.util.Properties.load0(Properties.java:353)
	at java.util.Properties.load(Properties.java:341)
	at com.qa.opencart.factory.DriverFactory.init_prop(DriverFactory.java:135)
	at com.qa.opencart.base.BaseTest.setup(BaseTest.java:37)
	at sun.reflect.NativeMethodAccessorImpl.invoke0(Native Method)
	at sun.reflect.NativeMethodAccessorImpl.invoke(NativeMethodAccessorImpl.java:62)
	at sun.reflect.DelegatingMethodAccessorImpl.invoke(DelegatingMethodAccessorImpl.java:43)
	at java.lang.reflect.Method.invoke(Method.java:498)
	at org.testng.internal.MethodInvocationHelper.invokeMethod(MethodInvocationHelper.java:124)
	at org.testng.internal.MethodInvocationHelper.invokeMethodConsideringTimeout(MethodInvocationHelper.java:59)
	at org.testng.internal.Invoker.invokeConfigurationMethod(Invoker.java:458)
	at org.testng.internal.Invoker.invokeConfigurations(Invoker.java:222)
	at org.testng.internal.Invoker.invokeConfigurations(Invoker.java:142)
	at org.testng.TestRunner.beforeRun(TestRunner.java:529)
	at org.testng.TestRunner.run(TestRunner.java:497)
	at org.testng.SuiteRunner.runTest(SuiteRunner.java:455)
	at org.testng.SuiteRunner.access$000(SuiteRunner.java:40)
	at org.testng.SuiteRunner$SuiteWorker.run(SuiteRunner.java:489)
	at org.testng.internal.thread.ThreadUtil$1.call(ThreadUtil.java:52)
	at java.util.concurrent.FutureTask.run(FutureTask.java:266)
	at java.util.concurrent.ThreadPoolExecutor.runWorker(ThreadPoolExecutor.java:1142)
	at java.util.concurrent.ThreadPoolExecutor$Worker.run(ThreadPoolExecutor.java:617)
	at java.lang.Thread.run(Thread.java:745)
]]></failure>
    <system-out><![CDATA[...
... TestNG 6.14.3 by Cédric Beust (cedric@beust.com)
...

Running tests on environement: Rakesh
Running tests on environement: Rakesh
Running tests on environement: Rakesh
please pass the right environment values ....Rakesh
please pass the right environment values ....Rakesh
please pass the right environment values ....Rakesh
]]></system-out>
    <system-err><![CDATA[SLF4J(W): No SLF4J providers were found.
SLF4J(W): Defaulting to no-operation (NOP) logger implementation
SLF4J(W): See https://www.slf4j.org/codes.html#noProviders for further details.
com.qa.opencart.exceptions.FrameWorkException: No env found ..
	at com.qa.opencart.factory.DriverFactory.init_prop(DriverFactory.java:125)
	at com.qa.opencart.base.BaseTest.setup(BaseTest.java:37)
	at sun.reflect.NativeMethodAccessorImpl.invoke0(Native Method)
	at sun.reflect.NativeMethodAccessorImpl.invoke(NativeMethodAccessorImpl.java:62)
	at sun.reflect.DelegatingMethodAccessorImpl.invoke(DelegatingMethodAccessorImpl.java:43)
	at java.lang.reflect.Method.invoke(Method.java:498)
	at org.testng.internal.MethodInvocationHelper.invokeMethod(MethodInvocationHelper.java:124)
	at org.testng.internal.MethodInvocationHelper.invokeMethodConsideringTimeout(MethodInvocationHelper.java:59)
	at org.testng.internal.Invoker.invokeConfigurationMethod(Invoker.java:458)
	at org.testng.internal.Invoker.invokeConfigurations(Invoker.java:222)
	at org.testng.internal.Invoker.invokeConfigurations(Invoker.java:142)
	at org.testng.TestRunner.beforeRun(TestRunner.java:529)
	at org.testng.TestRunner.run(TestRunner.java:497)
	at org.testng.SuiteRunner.runTest(SuiteRunner.java:455)
	at org.testng.SuiteRunner.access$000(SuiteRunner.java:40)
	at org.testng.SuiteRunner$SuiteWorker.run(SuiteRunner.java:489)
	at org.testng.internal.thread.ThreadUtil$1.call(ThreadUtil.java:52)
	at java.util.concurrent.FutureTask.run(FutureTask.java:266)
	at java.util.concurrent.ThreadPoolExecutor.runWorker(ThreadPoolExecutor.java:1142)
	at java.util.concurrent.ThreadPoolExecutor$Worker.run(ThreadPoolExecutor.java:617)
	at java.lang.Thread.run(Thread.java:745)
com.qa.opencart.exceptions.FrameWorkException: No env found ..
	at com.qa.opencart.factory.DriverFactory.init_prop(DriverFactory.java:125)
	at com.qa.opencart.base.BaseTest.setup(BaseTest.java:37)
	at sun.reflect.NativeMethodAccessorImpl.invoke0(Native Method)
	at sun.reflect.NativeMethodAccessorImpl.invoke(NativeMethodAccessorImpl.java:62)
	at sun.reflect.DelegatingMethodAccessorImpl.invoke(DelegatingMethodAccessorImpl.java:43)
	at java.lang.reflect.Method.invoke(Method.java:498)
	at org.testng.internal.MethodInvocationHelper.invokeMethod(MethodInvocationHelper.java:124)
	at org.testng.internal.MethodInvocationHelper.invokeMethodConsideringTimeout(MethodInvocationHelper.java:59)
	at org.testng.internal.Invoker.invokeConfigurationMethod(Invoker.java:458)
	at org.testng.internal.Invoker.invokeConfigurations(Invoker.java:222)
	at org.testng.internal.Invoker.invokeConfigurations(Invoker.java:142)
	at org.testng.TestRunner.beforeRun(TestRunner.java:529)
	at org.testng.TestRunner.run(TestRunner.java:497)
	at org.testng.SuiteRunner.runTest(SuiteRunner.java:455)
	at org.testng.SuiteRunner.access$000(SuiteRunner.java:40)
	at org.testng.SuiteRunner$SuiteWorker.run(SuiteRunner.java:489)
	at org.testng.internal.thread.ThreadUtil$1.call(ThreadUtil.java:52)
	at java.util.concurrent.FutureTask.run(FutureTask.java:266)
	at java.util.concurrent.ThreadPoolExecutor.runWorker(ThreadPoolExecutor.java:1142)
	at java.util.concurrent.ThreadPoolExecutor$Worker.run(ThreadPoolExecutor.java:617)
	at java.lang.Thread.run(Thread.java:745)
com.qa.opencart.exceptions.FrameWorkException: No env found ..
	at com.qa.opencart.factory.DriverFactory.init_prop(DriverFactory.java:125)
	at com.qa.opencart.base.BaseTest.setup(BaseTest.java:37)
	at sun.reflect.NativeMethodAccessorImpl.invoke0(Native Method)
	at sun.reflect.NativeMethodAccessorImpl.invoke(NativeMethodAccessorImpl.java:62)
	at sun.reflect.DelegatingMethodAccessorImpl.invoke(DelegatingMethodAccessorImpl.java:43)
	at java.lang.reflect.Method.invoke(Method.java:498)
	at org.testng.internal.MethodInvocationHelper.invokeMethod(MethodInvocationHelper.java:124)
	at org.testng.internal.MethodInvocationHelper.invokeMethodConsideringTimeout(MethodInvocationHelper.java:59)
	at org.testng.internal.Invoker.invokeConfigurationMethod(Invoker.java:458)
	at org.testng.internal.Invoker.invokeConfigurations(Invoker.java:222)
	at org.testng.internal.Invoker.invokeConfigurations(Invoker.java:142)
	at org.testng.TestRunner.beforeRun(TestRunner.java:529)
	at org.testng.TestRunner.run(TestRunner.java:497)
	at org.testng.SuiteRunner.runTest(SuiteRunner.java:455)
	at org.testng.SuiteRunner.access$000(SuiteRunner.java:40)
	at org.testng.SuiteRunner$SuiteWorker.run(SuiteRunner.java:489)
	at org.testng.internal.thread.ThreadUtil$1.call(ThreadUtil.java:52)
	at java.util.concurrent.FutureTask.run(FutureTask.java:266)
	at java.util.concurrent.ThreadPoolExecutor.runWorker(ThreadPoolExecutor.java:1142)
	at java.util.concurrent.ThreadPoolExecutor$Worker.run(ThreadPoolExecutor.java:617)
	at java.lang.Thread.run(Thread.java:745)
]]></system-err>
  </testcase>
  <testcase name="accountSetup" classname="com.qa.opencart.tests.AccountPageTest" time="0">
    <skipped/>
  </testcase>
  <testcase name="LogoutLinkPresent" classname="com.qa.opencart.tests.AccountPageTest" time="0">
    <skipped/>
  </testcase>
  <testcase name="accountTitlrTest" classname="com.qa.opencart.tests.AccountPageTest" time="0">
    <skipped/>
  </testcase>
  <testcase name="addToCartButtonPresent" classname="com.qa.opencart.tests.AccountPageTest" time="0">
    <skipped/>
  </testcase>
  <testcase name="footerLinkAllList" classname="com.qa.opencart.tests.AccountPageTest" time="0">
    <skipped/>
  </testcase>
  <testcase name="getMyAccountPresent" classname="com.qa.opencart.tests.AccountPageTest" time="0">
    <skipped/>
  </testcase>
  <testcase name="getPageUrlTest" classname="com.qa.opencart.tests.AccountPageTest" time="0">
    <skipped/>
  </testcase>
  <testcase name="getcontentMainHeaderList" classname="com.qa.opencart.tests.AccountPageTest" time="0">
    <skipped/>
  </testcase>
  <testcase name="homePageHeader" classname="com.qa.opencart.tests.AccountPageTest" time="0">
    <skipped/>
  </testcase>
  <testcase name="searchBoxPresent" classname="com.qa.opencart.tests.AccountPageTest" time="0">
    <skipped/>
  </testcase>
  <testcase name="userLogOutPage" classname="com.qa.opencart.tests.AccountPageTest" time="0">
    <skipped/>
  </testcase>
  <testcase name="setup" classname="com.qa.opencart.tests.RegisterTest" time="1.574">
    <failure type="java.lang.NullPointerException"><![CDATA[java.lang.NullPointerException
	at java.util.Properties$LineReader.readLine(Properties.java:434)
	at java.util.Properties.load0(Properties.java:353)
	at java.util.Properties.load(Properties.java:341)
	at com.qa.opencart.factory.DriverFactory.init_prop(DriverFactory.java:135)
	at com.qa.opencart.base.BaseTest.setup(BaseTest.java:37)
	at sun.reflect.NativeMethodAccessorImpl.invoke0(Native Method)
	at sun.reflect.NativeMethodAccessorImpl.invoke(NativeMethodAccessorImpl.java:62)
	at sun.reflect.DelegatingMethodAccessorImpl.invoke(DelegatingMethodAccessorImpl.java:43)
	at java.lang.reflect.Method.invoke(Method.java:498)
	at org.testng.internal.MethodInvocationHelper.invokeMethod(MethodInvocationHelper.java:124)
	at org.testng.internal.MethodInvocationHelper.invokeMethodConsideringTimeout(MethodInvocationHelper.java:59)
	at org.testng.internal.Invoker.invokeConfigurationMethod(Invoker.java:458)
	at org.testng.internal.Invoker.invokeConfigurations(Invoker.java:222)
	at org.testng.internal.Invoker.invokeConfigurations(Invoker.java:142)
	at org.testng.TestRunner.beforeRun(TestRunner.java:529)
	at org.testng.TestRunner.run(TestRunner.java:497)
	at org.testng.SuiteRunner.runTest(SuiteRunner.java:455)
	at org.testng.SuiteRunner.access$000(SuiteRunner.java:40)
	at org.testng.SuiteRunner$SuiteWorker.run(SuiteRunner.java:489)
	at org.testng.internal.thread.ThreadUtil$1.call(ThreadUtil.java:52)
	at java.util.concurrent.FutureTask.run(FutureTask.java:266)
	at java.util.concurrent.ThreadPoolExecutor.runWorker(ThreadPoolExecutor.java:1142)
	at java.util.concurrent.ThreadPoolExecutor$Worker.run(ThreadPoolExecutor.java:617)
	at java.lang.Thread.run(Thread.java:745)
]]></failure>
  </testcase>
  <testcase name="regSetup" classname="com.qa.opencart.tests.RegisterTest" time="0">
    <skipped/>
  </testcase>
  <testcase name="userRegisterTest" classname="com.qa.opencart.tests.RegisterTest" time="0">
    <skipped/>
  </testcase>
  <testcase name="userRegisterTest" classname="com.qa.opencart.tests.RegisterTest" time="0">
    <skipped/>
  </testcase>
  <testcase name="userRegisterTest" classname="com.qa.opencart.tests.RegisterTest" time="0">
    <skipped/>
  </testcase>
  <testcase name="userRegisterTest" classname="com.qa.opencart.tests.RegisterTest" time="0">
    <skipped/>
  </testcase>
  <testcase name="setup" classname="com.qa.opencart.tests.LoginPageTest" time="1.574">
    <failure type="java.lang.NullPointerException"><![CDATA[java.lang.NullPointerException
	at java.util.Properties$LineReader.readLine(Properties.java:434)
	at java.util.Properties.load0(Properties.java:353)
	at java.util.Properties.load(Properties.java:341)
	at com.qa.opencart.factory.DriverFactory.init_prop(DriverFactory.java:135)
	at com.qa.opencart.base.BaseTest.setup(BaseTest.java:37)
	at sun.reflect.NativeMethodAccessorImpl.invoke0(Native Method)
	at sun.reflect.NativeMethodAccessorImpl.invoke(NativeMethodAccessorImpl.java:62)
	at sun.reflect.DelegatingMethodAccessorImpl.invoke(DelegatingMethodAccessorImpl.java:43)
	at java.lang.reflect.Method.invoke(Method.java:498)
	at org.testng.internal.MethodInvocationHelper.invokeMethod(MethodInvocationHelper.java:124)
	at org.testng.internal.MethodInvocationHelper.invokeMethodConsideringTimeout(MethodInvocationHelper.java:59)
	at org.testng.internal.Invoker.invokeConfigurationMethod(Invoker.java:458)
	at org.testng.internal.Invoker.invokeConfigurations(Invoker.java:222)
	at org.testng.internal.Invoker.invokeConfigurations(Invoker.java:142)
	at org.testng.TestRunner.beforeRun(TestRunner.java:529)
	at org.testng.TestRunner.run(TestRunner.java:497)
	at org.testng.SuiteRunner.runTest(SuiteRunner.java:455)
	at org.testng.SuiteRunner.access$000(SuiteRunner.java:40)
	at org.testng.SuiteRunner$SuiteWorker.run(SuiteRunner.java:489)
	at org.testng.internal.thread.ThreadUtil$1.call(ThreadUtil.java:52)
	at java.util.concurrent.FutureTask.run(FutureTask.java:266)
	at java.util.concurrent.ThreadPoolExecutor.runWorker(ThreadPoolExecutor.java:1142)
	at java.util.concurrent.ThreadPoolExecutor$Worker.run(ThreadPoolExecutor.java:617)
	at java.lang.Thread.run(Thread.java:745)
]]></failure>
  </testcase>
  <testcase name="verifyEmailAddressFieldIsPresent" classname="com.qa.opencart.tests.LoginPageTest" time="0">
    <skipped/>
  </testcase>
  <testcase name="verifyFailTest" classname="com.qa.opencart.tests.LoginPageTest" time="0">
    <skipped/>
  </testcase>
  <testcase name="verifyLoginLinkIsPresent" classname="com.qa.opencart.tests.LoginPageTest" time="0">
    <skipped/>
  </testcase>
  <testcase name="verifyLoginPageTitle" classname="com.qa.opencart.tests.LoginPageTest" time="0">
    <skipped/>
  </testcase>
  <testcase name="verifyLoginPageUrl" classname="com.qa.opencart.tests.LoginPageTest" time="0">
    <skipped/>
  </testcase>
  <testcase name="verifyPasswordFieldIsPresent" classname="com.qa.opencart.tests.LoginPageTest" time="0">
    <skipped/>
  </testcase>
  <testcase name="verifyRegisterFieldIsPresent" classname="com.qa.opencart.tests.LoginPageTest" time="0">
    <skipped/>
  </testcase>
  <testcase name="verifyReturningCustomerTextIsPresent" classname="com.qa.opencart.tests.LoginPageTest" time="0">
    <skipped/>
  </testcase>
  <testcase name="verifySearchBoxIsPresent" classname="com.qa.opencart.tests.LoginPageTest" time="0">
    <skipped/>
  </testcase>
  <testcase name="verifySuccessfulLogin" classname="com.qa.opencart.tests.LoginPageTest" time="0">
    <skipped/>
  </testcase>
  <testcase name="setup" classname="com.qa.opencart.tests.SearchResultPageTest" time="2.123">
    <failure type="java.lang.NullPointerException"><![CDATA[java.lang.NullPointerException
	at java.util.Properties$LineReader.readLine(Properties.java:434)
	at java.util.Properties.load0(Properties.java:353)
	at java.util.Properties.load(Properties.java:341)
	at com.qa.opencart.factory.DriverFactory.init_prop(DriverFactory.java:135)
	at com.qa.opencart.base.BaseTest.setup(BaseTest.java:37)
	at sun.reflect.NativeMethodAccessorImpl.invoke0(Native Method)
	at sun.reflect.NativeMethodAccessorImpl.invoke(NativeMethodAccessorImpl.java:62)
	at sun.reflect.DelegatingMethodAccessorImpl.invoke(DelegatingMethodAccessorImpl.java:43)
	at java.lang.reflect.Method.invoke(Method.java:498)
	at org.testng.internal.MethodInvocationHelper.invokeMethod(MethodInvocationHelper.java:124)
	at org.testng.internal.MethodInvocationHelper.invokeMethodConsideringTimeout(MethodInvocationHelper.java:59)
	at org.testng.internal.Invoker.invokeConfigurationMethod(Invoker.java:458)
	at org.testng.internal.Invoker.invokeConfigurations(Invoker.java:222)
	at org.testng.internal.Invoker.invokeConfigurations(Invoker.java:142)
	at org.testng.TestRunner.beforeRun(TestRunner.java:529)
	at org.testng.TestRunner.run(TestRunner.java:497)
	at org.testng.SuiteRunner.runTest(SuiteRunner.java:455)
	at org.testng.SuiteRunner.access$000(SuiteRunner.java:40)
	at org.testng.SuiteRunner$SuiteWorker.run(SuiteRunner.java:489)
	at org.testng.internal.thread.ThreadUtil$1.call(ThreadUtil.java:52)
	at java.util.concurrent.FutureTask.run(FutureTask.java:266)
	at java.util.concurrent.ThreadPoolExecutor.runWorker(ThreadPoolExecutor.java:1142)
	at java.util.concurrent.ThreadPoolExecutor$Worker.run(ThreadPoolExecutor.java:617)
	at java.lang.Thread.run(Thread.java:745)
]]></failure>
    <system-out><![CDATA[Running tests on environement: Rakesh
please pass the right environment values ....Rakesh
]]></system-out>
    <system-err><![CDATA[com.qa.opencart.exceptions.FrameWorkException: No env found ..
	at com.qa.opencart.factory.DriverFactory.init_prop(DriverFactory.java:125)
	at com.qa.opencart.base.BaseTest.setup(BaseTest.java:37)
	at sun.reflect.NativeMethodAccessorImpl.invoke0(Native Method)
	at sun.reflect.NativeMethodAccessorImpl.invoke(NativeMethodAccessorImpl.java:62)
	at sun.reflect.DelegatingMethodAccessorImpl.invoke(DelegatingMethodAccessorImpl.java:43)
	at java.lang.reflect.Method.invoke(Method.java:498)
	at org.testng.internal.MethodInvocationHelper.invokeMethod(MethodInvocationHelper.java:124)
	at org.testng.internal.MethodInvocationHelper.invokeMethodConsideringTimeout(MethodInvocationHelper.java:59)
	at org.testng.internal.Invoker.invokeConfigurationMethod(Invoker.java:458)
	at org.testng.internal.Invoker.invokeConfigurations(Invoker.java:222)
	at org.testng.internal.Invoker.invokeConfigurations(Invoker.java:142)
	at org.testng.TestRunner.beforeRun(TestRunner.java:529)
	at org.testng.TestRunner.run(TestRunner.java:497)
	at org.testng.SuiteRunner.runTest(SuiteRunner.java:455)
	at org.testng.SuiteRunner.access$000(SuiteRunner.java:40)
	at org.testng.SuiteRunner$SuiteWorker.run(SuiteRunner.java:489)
	at org.testng.internal.thread.ThreadUtil$1.call(ThreadUtil.java:52)
	at java.util.concurrent.FutureTask.run(FutureTask.java:266)
	at java.util.concurrent.ThreadPoolExecutor.runWorker(ThreadPoolExecutor.java:1142)
	at java.util.concurrent.ThreadPoolExecutor$Worker.run(ThreadPoolExecutor.java:617)
	at java.lang.Thread.run(Thread.java:745)
]]></system-err>
  </testcase>
  <testcase name="ProductDesc" classname="com.qa.opencart.tests.SearchResultPageTest" time="0">
    <skipped/>
  </testcase>
  <testcase name="doSearch" classname="com.qa.opencart.tests.SearchResultPageTest" time="0">
    <skipped/>
  </testcase>
  <testcase name="doSearch" classname="com.qa.opencart.tests.SearchResultPageTest" time="0">
    <skipped/>
  </testcase>
  <testcase name="doSearch" classname="com.qa.opencart.tests.SearchResultPageTest" time="0">
    <skipped/>
  </testcase>
  <testcase name="doSearch" classname="com.qa.opencart.tests.SearchResultPageTest" time="0">
    <skipped/>
  </testcase>
  <testcase name="imagesCountTest" classname="com.qa.opencart.tests.SearchResultPageTest" time="0">
    <skipped/>
  </testcase>
  <testcase name="imagesCountTest" classname="com.qa.opencart.tests.SearchResultPageTest" time="0">
    <skipped/>
  </testcase>
  <testcase name="imagesCountTest" classname="com.qa.opencart.tests.SearchResultPageTest" time="0">
    <skipped/>
  </testcase>
  <testcase name="imagesCountTest" classname="com.qa.opencart.tests.SearchResultPageTest" time="0">
    <skipped/>
  </testcase>
  <testcase name="productDtaTest" classname="com.qa.opencart.tests.SearchResultPageTest" time="0">
    <skipped/>
  </testcase>
  <testcase name="productInfoTest" classname="com.qa.opencart.tests.SearchResultPageTest" time="0">
    <skipped/>
  </testcase>
  <testcase name="productInfoTest" classname="com.qa.opencart.tests.SearchResultPageTest" time="0">
    <skipped/>
  </testcase>
  <testcase name="productInfoTest" classname="com.qa.opencart.tests.SearchResultPageTest" time="0">
    <skipped/>
  </testcase>
  <testcase name="productInfoTest" classname="com.qa.opencart.tests.SearchResultPageTest" time="0">
    <skipped/>
  </testcase>
</testsuite>